# JRE version: OpenJDK Runtime Environment Temurin-21.0.3+9 (21.0.3+9) (build 21.0.3+9-LTS)
# Java VM: OpenJDK 64-Bit Server VM Temurin-21.0.3+9 (21.0.3+9-LTS, mixed mode, emulated-client, tiered, compressed oops, compressed class ptrs, g1 gc, windows-amd64)
GC Precious Log:
 CardTable entry size: 512
 Card Set container configuration: InlinePtr #cards 5 size 8 Array Of Cards #cards 12 size 40 Howl #buckets 4 coarsen threshold 1843 Howl Bitmap #cards 512 size 80 coarsen threshold 460 Card regions per heap region 1 cards per card region 2048
 CPUs: 8 total, 8 available
 Memory: 7872M
 Large Page Support: Disabled
 NUMA Support: Disabled
 Compressed Oops: Enabled (32-bit)
 Heap Region Size: 1M
 Heap Min Capacity: 8M
 Heap Initial Capacity: 124M
 Heap Max Capacity: 1G
 Pre-touch: Disabled
 Parallel Workers: 8
 Concurrent Workers: 2
 Concurrent Refinement Workers: 8
 Periodic GC: Disabled
Heap:
 garbage-first heap   total 92160K, used 40090K [0x00000000c0000000, 0x0000000100000000)
  region size 1024K, 1 young (1024K), 0 survivors (0K)
 Metaspace       used 67711K, committed 68672K, reserved 1114112K
  class space    used 7903K, committed 8320K, reserved 1048576K
GC Heap History (20 events):
Event: 11826.403 GC heap after
{Heap after GC invocations=1149 (full 1083):
 garbage-first heap   total 92160K, used 40090K [0x00000000c0000000, 0x0000000100000000)
  region size 1024K, 0 young (0K), 0 survivors (0K)
 Metaspace       used 67711K, committed 68672K, reserved 1114112K
  class space    used 7903K, committed 8320K, reserved 1048576K
}
Event: 11836.531 GC heap before
{Heap before GC invocations=1149 (full 1083):
 garbage-first heap   total 92160K, used 40090K [0x00000000c0000000, 0x0000000100000000)
  region size 1024K, 1 young (1024K), 0 survivors (0K)
 Metaspace       used 67711K, committed 68672K, reserved 1114112K
  class space    used 7903K, committed 8320K, reserved 1048576K
}
Event: 11836.558 GC heap after
{Heap after GC invocations=1150 (full 1084):
 garbage-first heap   total 92160K, used 40090K [0x00000000c0000000, 0x0000000100000000)
  region size 1024K, 0 young (0K), 0 survivors (0K)
 Metaspace       used 67711K, committed 68672K, reserved 1114112K
  class space    used 7903K, committed 8320K, reserved 1048576K
}
Event: 11846.683 GC heap before
{Heap before GC invocations=1150 (full 1084):
 garbage-first heap   total 92160K, used 40090K [0x00000000c0000000, 0x0000000100000000)
  region size 1024K, 1 young (1024K), 0 survivors (0K)
 Metaspace       used 67711K, committed 68672K, reserved 1114112K
  class space    used 7903K, committed 8320K, reserved 1048576K
}
Event: 11846.704 GC heap after
{Heap after GC invocations=1151 (full 1085):
 garbage-first heap   total 92160K, used 40090K [0x00000000c0000000, 0x0000000100000000)
  region size 1024K, 0 young (0K), 0 survivors (0K)
 Metaspace       used 67711K, committed 68672K, reserved 1114112K
  class space    used 7903K, committed 8320K, reserved 1048576K
}
Event: 11856.822 GC heap before
{Heap before GC invocations=1151 (full 1085):
 garbage-first heap   total 92160K, used 40090K [0x00000000c0000000, 0x0000000100000000)
  region size 1024K, 1 young (1024K), 0 survivors (0K)
 Metaspace       used 67711K, committed 68672K, reserved 1114112K
  class space    used 7903K, committed 8320K, reserved 1048576K
}
Event: 11856.846 GC heap after
{Heap after GC invocations=1152 (full 1086):
 garbage-first heap   total 92160K, used 40090K [0x00000000c0000000, 0x0000000100000000)
  region size 1024K, 0 young (0K), 0 survivors (0K)
 Metaspace       used 67711K, committed 68672K, reserved 1114112K
  class space    used 7903K, committed 8320K, reserved 1048576K
}
Event: 11866.991 GC heap before
{Heap before GC invocations=1152 (full 1086):
 garbage-first heap   total 92160K, used 40090K [0x00000000c0000000, 0x0000000100000000)
  region size 1024K, 1 young (1024K), 0 survivors (0K)
 Metaspace       used 67711K, committed 68672K, reserved 1114112K
  class space    used 7903K, committed 8320K, reserved 1048576K
}
Event: 11867.020 GC heap after
{Heap after GC invocations=1153 (full 1087):
 garbage-first heap   total 92160K, used 40090K [0x00000000c0000000, 0x0000000100000000)
  region size 1024K, 0 young (0K), 0 survivors (0K)
 Metaspace       used 67711K, committed 68672K, reserved 1114112K
  class space    used 7903K, committed 8320K, reserved 1048576K
}
Event: 11877.152 GC heap before
{Heap before GC invocations=1153 (full 1087):
 garbage-first heap   total 92160K, used 40090K [0x00000000c0000000, 0x0000000100000000)
  region size 1024K, 1 young (1024K), 0 survivors (0K)
 Metaspace       used 67711K, committed 68672K, reserved 1114112K
  class space    used 7903K, committed 8320K, reserved 1048576K
}
Event: 11877.179 GC heap after
{Heap after GC invocations=1154 (full 1088):
 garbage-first heap   total 92160K, used 40090K [0x00000000c0000000, 0x0000000100000000)
  region size 1024K, 0 young (0K), 0 survivors (0K)
 Metaspace       used 67711K, committed 68672K, reserved 1114112K
  class space    used 7903K, committed 8320K, reserved 1048576K
}
Event: 11887.317 GC heap before
{Heap before GC invocations=1154 (full 1088):
 garbage-first heap   total 92160K, used 40090K [0x00000000c0000000, 0x0000000100000000)
  region size 1024K, 1 young (1024K), 0 survivors (0K)
 Metaspace       used 67711K, committed 68672K, reserved 1114112K
  class space    used 7903K, committed 8320K, reserved 1048576K
}
Event: 11887.346 GC heap after
{Heap after GC invocations=1155 (full 1089):
 garbage-first heap   total 92160K, used 40090K [0x00000000c0000000, 0x0000000100000000)
  region size 1024K, 0 young (0K), 0 survivors (0K)
 Metaspace       used 67711K, committed 68672K, reserved 1114112K
  class space    used 7903K, committed 8320K, reserved 1048576K
}
Event: 11897.469 GC heap before
{Heap before GC invocations=1155 (full 1089):
 garbage-first heap   total 92160K, used 40090K [0x00000000c0000000, 0x0000000100000000)
  region size 1024K, 1 young (1024K), 0 survivors (0K)
 Metaspace       used 67711K, committed 68672K, reserved 1114112K
  class space    used 7903K, committed 8320K, reserved 1048576K
}
Event: 11897.497 GC heap after
{Heap after GC invocations=1156 (full 1090):
 garbage-first heap   total 92160K, used 40090K [0x00000000c0000000, 0x0000000100000000)
  region size 1024K, 0 young (0K), 0 survivors (0K)
 Metaspace       used 67711K, committed 68672K, reserved 1114112K
  class space    used 7903K, committed 8320K, reserved 1048576K
}
Event: 11907.621 GC heap before
{Heap before GC invocations=1156 (full 1090):
 garbage-first heap   total 92160K, used 40090K [0x00000000c0000000, 0x0000000100000000)
  region size 1024K, 1 young (1024K), 0 survivors (0K)
 Metaspace       used 67711K, committed 68672K, reserved 1114112K
  class space    used 7903K, committed 8320K, reserved 1048576K
}
Event: 11907.660 GC heap after
{Heap after GC invocations=1157 (full 1091):
 garbage-first heap   total 92160K, used 40090K [0x00000000c0000000, 0x0000000100000000)
  region size 1024K, 0 young (0K), 0 survivors (0K)
 Metaspace       used 67711K, committed 68672K, reserved 1114112K
  class space    used 7903K, committed 8320K, reserved 1048576K
}
Event: 11917.792 GC heap before
{Heap before GC invocations=1157 (full 1091):
 garbage-first heap   total 92160K, used 40090K [0x00000000c0000000, 0x0000000100000000)
  region size 1024K, 1 young (1024K), 0 survivors (0K)
 Metaspace       used 67711K, committed 68672K, reserved 1114112K
  class space    used 7903K, committed 8320K, reserved 1048576K
}
Event: 11917.818 GC heap after
{Heap after GC invocations=1158 (full 1092):
 garbage-first heap   total 92160K, used 40090K [0x00000000c0000000, 0x0000000100000000)
  region size 1024K, 0 young (0K), 0 survivors (0K)
 Metaspace       used 67711K, committed 68672K, reserved 1114112K
  class space    used 7903K, committed 8320K, reserved 1048576K
}
Event: 11927.923 GC heap before
{Heap before GC invocations=1158 (full 1092):
 garbage-first heap   total 92160K, used 40090K [0x00000000c0000000, 0x0000000100000000)
  region size 1024K, 1 young (1024K), 0 survivors (0K)
 Metaspace       used 67711K, committed 68672K, reserved 1114112K
  class space    used 7903K, committed 8320K, reserved 1048576K
}

